<?xml version="1.0" encoding="UTF-8"?>
<testng-results skipped="0" failed="0" total="1" passed="1">
  <reporter-output>
  </reporter-output>
  <suite name="Default suite" duration-ms="6963" started-at="2020-11-05T10:48:06Z" finished-at="2020-11-05T10:48:13Z">
    <groups>
    </groups>
    <test name="Default test" duration-ms="6963" started-at="2020-11-05T10:48:06Z" finished-at="2020-11-05T10:48:13Z">
      <class name="setup">
        <test-method status="PASS" signature="launch()[pri:0, instance:setup@343f4d3d]" name="launch" duration-ms="6919" started-at="2020-11-05T16:18:06Z" finished-at="2020-11-05T16:18:13Z">
          <reporter-output>
          </reporter-output>
        </test-method> <!-- launch -->
      </class> <!-- setup -->
    </test> <!-- Default test -->
  </suite> <!-- Default suite -->
</testng-results>
